[github.com/flipped-aurora/gin-vue-admin/server]2024/01/17 - 13:56:02.509	[34minfo[0m	/home/jiaxv/go/src/ldacs_sim_sgw/internal/initialize/gorm.go:41	register table success
[github.com/flipped-aurora/gin-vue-admin/server]2024/01/17 - 13:56:05.411	[34minfo[0m	/home/jiaxv/go/src/ldacs_sim_sgw/pkg/forward_module/f_init/gorm.go:38	register table success
[github.com/flipped-aurora/gin-vue-admin/server]2024/01/17 - 13:56:05.414	[34minfo[0m	/home/jiaxv/go/src/ldacs_sim_sgw/pkg/forward_module/f_init/router.go:51	register swagger handler
[github.com/flipped-aurora/gin-vue-admin/server]2024/01/17 - 13:56:05.415	[34minfo[0m	/home/jiaxv/go/src/ldacs_sim_sgw/pkg/forward_module/f_init/router.go:94	router register success
[github.com/flipped-aurora/gin-vue-admin/server]2024/01/17 - 13:56:05.415	[34minfo[0m	/home/jiaxv/go/src/ldacs_sim_sgw/pkg/forward_module/f_core/server.go:43	server run success on 	{"address": ":8888"}
[github.com/flipped-aurora/gin-vue-admin/server]2024/01/17 - 14:21:48.506	[34minfo[0m	/home/jiaxv/go/src/ldacs_sim_sgw/internal/initialize/gorm.go:41	register table success
[github.com/flipped-aurora/gin-vue-admin/server]2024/01/17 - 14:21:50.107	[34minfo[0m	/home/jiaxv/go/src/ldacs_sim_sgw/pkg/forward_module/f_init/gorm.go:38	register table success
[github.com/flipped-aurora/gin-vue-admin/server]2024/01/17 - 14:21:50.114	[34minfo[0m	/home/jiaxv/go/src/ldacs_sim_sgw/pkg/forward_module/f_init/router.go:51	register swagger handler
[github.com/flipped-aurora/gin-vue-admin/server]2024/01/17 - 14:21:50.115	[34minfo[0m	/home/jiaxv/go/src/ldacs_sim_sgw/pkg/forward_module/f_init/router.go:94	router register success
[github.com/flipped-aurora/gin-vue-admin/server]2024/01/17 - 14:21:50.115	[34minfo[0m	/home/jiaxv/go/src/ldacs_sim_sgw/pkg/forward_module/f_core/server.go:43	server run success on 	{"address": ":8888"}
[github.com/flipped-aurora/gin-vue-admin/server]2024/01/17 - 16:10:08.654	[34minfo[0m	/home/jiaxv/go/src/ldacs_sim_sgw/internal/initialize/gorm.go:41	register table success
[github.com/flipped-aurora/gin-vue-admin/server]2024/01/17 - 16:10:10.401	[34minfo[0m	/home/jiaxv/go/src/ldacs_sim_sgw/pkg/forward_module/f_init/gorm.go:38	register table success
[github.com/flipped-aurora/gin-vue-admin/server]2024/01/17 - 16:10:10.414	[34minfo[0m	/home/jiaxv/go/src/ldacs_sim_sgw/pkg/forward_module/f_init/router.go:51	register swagger handler
[github.com/flipped-aurora/gin-vue-admin/server]2024/01/17 - 16:10:10.415	[34minfo[0m	/home/jiaxv/go/src/ldacs_sim_sgw/pkg/forward_module/f_init/router.go:94	router register success
[github.com/flipped-aurora/gin-vue-admin/server]2024/01/17 - 16:10:10.415	[34minfo[0m	/home/jiaxv/go/src/ldacs_sim_sgw/pkg/forward_module/f_core/server.go:43	server run success on 	{"address": ":8888"}
[github.com/flipped-aurora/gin-vue-admin/server]2024/01/17 - 17:50:02.879	[34minfo[0m	/home/jiaxv/go/src/ldacs_sim_sgw/internal/initialize/gorm.go:41	register table success
[github.com/flipped-aurora/gin-vue-admin/server]2024/01/17 - 17:50:03.237	[34minfo[0m	/home/jiaxv/go/src/ldacs_sim_sgw/pkg/forward_module/f_init/gorm.go:38	register table success
[github.com/flipped-aurora/gin-vue-admin/server]2024/01/17 - 17:50:03.239	[34minfo[0m	/home/jiaxv/go/src/ldacs_sim_sgw/pkg/forward_module/f_init/router.go:51	register swagger handler
[github.com/flipped-aurora/gin-vue-admin/server]2024/01/17 - 17:50:03.239	[34minfo[0m	/home/jiaxv/go/src/ldacs_sim_sgw/pkg/forward_module/f_init/router.go:94	router register success
[github.com/flipped-aurora/gin-vue-admin/server]2024/01/17 - 17:50:03.239	[34minfo[0m	/home/jiaxv/go/src/ldacs_sim_sgw/pkg/forward_module/f_core/server.go:43	server run success on 	{"address": ":8888"}
[github.com/flipped-aurora/gin-vue-admin/server]2024/01/17 - 18:08:08.740	[34minfo[0m	/home/jiaxv/go/src/ldacs_sim_sgw/internal/initialize/gorm.go:41	register table success
[github.com/flipped-aurora/gin-vue-admin/server]2024/01/17 - 18:08:09.114	[34minfo[0m	/home/jiaxv/go/src/ldacs_sim_sgw/pkg/forward_module/f_init/gorm.go:38	register table success
[github.com/flipped-aurora/gin-vue-admin/server]2024/01/17 - 18:08:09.117	[34minfo[0m	/home/jiaxv/go/src/ldacs_sim_sgw/pkg/forward_module/f_init/router.go:51	register swagger handler
[github.com/flipped-aurora/gin-vue-admin/server]2024/01/17 - 18:08:09.117	[34minfo[0m	/home/jiaxv/go/src/ldacs_sim_sgw/pkg/forward_module/f_init/router.go:94	router register success
[github.com/flipped-aurora/gin-vue-admin/server]2024/01/17 - 18:08:09.117	[34minfo[0m	/home/jiaxv/go/src/ldacs_sim_sgw/pkg/forward_module/f_core/server.go:43	server run success on 	{"address": ":8888"}
[github.com/flipped-aurora/gin-vue-admin/server]2024/01/17 - 18:26:11.851	[34minfo[0m	/home/jiaxv/go/src/ldacs_sim_sgw/internal/initialize/gorm.go:41	register table success
[github.com/flipped-aurora/gin-vue-admin/server]2024/01/17 - 18:26:12.145	[34minfo[0m	/home/jiaxv/go/src/ldacs_sim_sgw/pkg/forward_module/f_init/gorm.go:38	register table success
[github.com/flipped-aurora/gin-vue-admin/server]2024/01/17 - 18:26:12.150	[34minfo[0m	/home/jiaxv/go/src/ldacs_sim_sgw/pkg/forward_module/f_init/router.go:51	register swagger handler
[github.com/flipped-aurora/gin-vue-admin/server]2024/01/17 - 18:26:12.151	[34minfo[0m	/home/jiaxv/go/src/ldacs_sim_sgw/pkg/forward_module/f_init/router.go:94	router register success
[github.com/flipped-aurora/gin-vue-admin/server]2024/01/17 - 18:26:12.151	[34minfo[0m	/home/jiaxv/go/src/ldacs_sim_sgw/pkg/forward_module/f_core/server.go:43	server run success on 	{"address": ":8888"}
[github.com/flipped-aurora/gin-vue-admin/server]2024/01/17 - 18:30:16.774	[34minfo[0m	/home/jiaxv/go/src/ldacs_sim_sgw/internal/initialize/gorm.go:41	register table success
[github.com/flipped-aurora/gin-vue-admin/server]2024/01/17 - 18:30:17.214	[34minfo[0m	/home/jiaxv/go/src/ldacs_sim_sgw/pkg/forward_module/f_init/gorm.go:38	register table success
[github.com/flipped-aurora/gin-vue-admin/server]2024/01/17 - 18:30:17.216	[34minfo[0m	/home/jiaxv/go/src/ldacs_sim_sgw/pkg/forward_module/f_init/router.go:51	register swagger handler
[github.com/flipped-aurora/gin-vue-admin/server]2024/01/17 - 18:30:17.218	[34minfo[0m	/home/jiaxv/go/src/ldacs_sim_sgw/pkg/forward_module/f_init/router.go:94	router register success
[github.com/flipped-aurora/gin-vue-admin/server]2024/01/17 - 18:30:17.218	[34minfo[0m	/home/jiaxv/go/src/ldacs_sim_sgw/pkg/forward_module/f_core/server.go:43	server run success on 	{"address": ":8888"}
[github.com/flipped-aurora/gin-vue-admin/server]2024/01/17 - 18:33:14.379	[34minfo[0m	/home/jiaxv/go/src/ldacs_sim_sgw/internal/initialize/gorm.go:41	register table success
[github.com/flipped-aurora/gin-vue-admin/server]2024/01/17 - 18:33:14.735	[34minfo[0m	/home/jiaxv/go/src/ldacs_sim_sgw/pkg/forward_module/f_init/gorm.go:38	register table success
[github.com/flipped-aurora/gin-vue-admin/server]2024/01/17 - 18:33:14.736	[34minfo[0m	/home/jiaxv/go/src/ldacs_sim_sgw/pkg/forward_module/f_init/router.go:51	register swagger handler
[github.com/flipped-aurora/gin-vue-admin/server]2024/01/17 - 18:33:14.737	[34minfo[0m	/home/jiaxv/go/src/ldacs_sim_sgw/pkg/forward_module/f_init/router.go:94	router register success
[github.com/flipped-aurora/gin-vue-admin/server]2024/01/17 - 18:33:14.737	[34minfo[0m	/home/jiaxv/go/src/ldacs_sim_sgw/pkg/forward_module/f_core/server.go:43	server run success on 	{"address": ":8888"}
[github.com/flipped-aurora/gin-vue-admin/server]2024/01/17 - 18:34:02.938	[34minfo[0m	/home/jiaxv/go/src/ldacs_sim_sgw/internal/initialize/gorm.go:41	register table success
[github.com/flipped-aurora/gin-vue-admin/server]2024/01/17 - 18:34:03.179	[34minfo[0m	/home/jiaxv/go/src/ldacs_sim_sgw/pkg/forward_module/f_init/gorm.go:38	register table success
[github.com/flipped-aurora/gin-vue-admin/server]2024/01/17 - 18:34:03.189	[34minfo[0m	/home/jiaxv/go/src/ldacs_sim_sgw/pkg/forward_module/f_init/router.go:51	register swagger handler
[github.com/flipped-aurora/gin-vue-admin/server]2024/01/17 - 18:34:03.190	[34minfo[0m	/home/jiaxv/go/src/ldacs_sim_sgw/pkg/forward_module/f_init/router.go:94	router register success
[github.com/flipped-aurora/gin-vue-admin/server]2024/01/17 - 18:34:03.190	[34minfo[0m	/home/jiaxv/go/src/ldacs_sim_sgw/pkg/forward_module/f_core/server.go:43	server run success on 	{"address": ":8888"}
[github.com/flipped-aurora/gin-vue-admin/server]2024/01/17 - 18:34:42.052	[34minfo[0m	/home/jiaxv/go/src/ldacs_sim_sgw/internal/initialize/gorm.go:41	register table success
[github.com/flipped-aurora/gin-vue-admin/server]2024/01/17 - 18:34:42.269	[34minfo[0m	/home/jiaxv/go/src/ldacs_sim_sgw/pkg/forward_module/f_init/gorm.go:38	register table success
[github.com/flipped-aurora/gin-vue-admin/server]2024/01/17 - 18:34:42.279	[34minfo[0m	/home/jiaxv/go/src/ldacs_sim_sgw/pkg/forward_module/f_init/router.go:51	register swagger handler
[github.com/flipped-aurora/gin-vue-admin/server]2024/01/17 - 18:34:42.279	[34minfo[0m	/home/jiaxv/go/src/ldacs_sim_sgw/pkg/forward_module/f_init/router.go:94	router register success
[github.com/flipped-aurora/gin-vue-admin/server]2024/01/17 - 18:34:42.279	[34minfo[0m	/home/jiaxv/go/src/ldacs_sim_sgw/pkg/forward_module/f_core/server.go:43	server run success on 	{"address": ":8888"}
[github.com/flipped-aurora/gin-vue-admin/server]2024/01/17 - 18:35:48.021	[34minfo[0m	/home/jiaxv/go/src/ldacs_sim_sgw/internal/initialize/gorm.go:41	register table success
[github.com/flipped-aurora/gin-vue-admin/server]2024/01/17 - 18:35:48.286	[34minfo[0m	/home/jiaxv/go/src/ldacs_sim_sgw/pkg/forward_module/f_init/gorm.go:38	register table success
[github.com/flipped-aurora/gin-vue-admin/server]2024/01/17 - 18:35:48.292	[34minfo[0m	/home/jiaxv/go/src/ldacs_sim_sgw/pkg/forward_module/f_init/router.go:51	register swagger handler
[github.com/flipped-aurora/gin-vue-admin/server]2024/01/17 - 18:35:48.293	[34minfo[0m	/home/jiaxv/go/src/ldacs_sim_sgw/pkg/forward_module/f_init/router.go:94	router register success
[github.com/flipped-aurora/gin-vue-admin/server]2024/01/17 - 18:35:48.293	[34minfo[0m	/home/jiaxv/go/src/ldacs_sim_sgw/pkg/forward_module/f_core/server.go:43	server run success on 	{"address": ":8888"}
[github.com/flipped-aurora/gin-vue-admin/server]2024/01/17 - 19:26:56.983	[34minfo[0m	/home/jiaxv/go/src/ldacs_sim_sgw/internal/initialize/gorm.go:41	register table success
[github.com/flipped-aurora/gin-vue-admin/server]2024/01/17 - 19:26:57.353	[34minfo[0m	/home/jiaxv/go/src/ldacs_sim_sgw/pkg/forward_module/f_init/gorm.go:38	register table success
[github.com/flipped-aurora/gin-vue-admin/server]2024/01/17 - 19:26:57.356	[34minfo[0m	/home/jiaxv/go/src/ldacs_sim_sgw/pkg/forward_module/f_init/router.go:51	register swagger handler
[github.com/flipped-aurora/gin-vue-admin/server]2024/01/17 - 19:26:57.356	[34minfo[0m	/home/jiaxv/go/src/ldacs_sim_sgw/pkg/forward_module/f_init/router.go:94	router register success
[github.com/flipped-aurora/gin-vue-admin/server]2024/01/17 - 19:26:57.356	[34minfo[0m	/home/jiaxv/go/src/ldacs_sim_sgw/pkg/forward_module/f_core/server.go:43	server run success on 	{"address": ":8888"}
[github.com/flipped-aurora/gin-vue-admin/server]2024/01/17 - 19:28:16.536	[34minfo[0m	/home/jiaxv/go/src/ldacs_sim_sgw/internal/initialize/gorm.go:41	register table success
[github.com/flipped-aurora/gin-vue-admin/server]2024/01/17 - 19:28:16.813	[34minfo[0m	/home/jiaxv/go/src/ldacs_sim_sgw/pkg/forward_module/f_init/gorm.go:38	register table success
[github.com/flipped-aurora/gin-vue-admin/server]2024/01/17 - 19:28:16.814	[34minfo[0m	/home/jiaxv/go/src/ldacs_sim_sgw/pkg/forward_module/f_init/router.go:51	register swagger handler
[github.com/flipped-aurora/gin-vue-admin/server]2024/01/17 - 19:28:16.814	[34minfo[0m	/home/jiaxv/go/src/ldacs_sim_sgw/pkg/forward_module/f_init/router.go:94	router register success
[github.com/flipped-aurora/gin-vue-admin/server]2024/01/17 - 19:28:16.814	[34minfo[0m	/home/jiaxv/go/src/ldacs_sim_sgw/pkg/forward_module/f_core/server.go:43	server run success on 	{"address": ":8888"}
[github.com/flipped-aurora/gin-vue-admin/server]2024/01/17 - 19:33:38.470	[34minfo[0m	/home/jiaxv/go/src/ldacs_sim_sgw/internal/initialize/gorm.go:41	register table success
[github.com/flipped-aurora/gin-vue-admin/server]2024/01/17 - 19:33:38.701	[34minfo[0m	/home/jiaxv/go/src/ldacs_sim_sgw/pkg/forward_module/f_init/gorm.go:38	register table success
[github.com/flipped-aurora/gin-vue-admin/server]2024/01/17 - 19:33:38.709	[34minfo[0m	/home/jiaxv/go/src/ldacs_sim_sgw/pkg/forward_module/f_init/router.go:51	register swagger handler
[github.com/flipped-aurora/gin-vue-admin/server]2024/01/17 - 19:33:38.709	[34minfo[0m	/home/jiaxv/go/src/ldacs_sim_sgw/pkg/forward_module/f_init/router.go:94	router register success
[github.com/flipped-aurora/gin-vue-admin/server]2024/01/17 - 19:33:38.709	[34minfo[0m	/home/jiaxv/go/src/ldacs_sim_sgw/pkg/forward_module/f_core/server.go:43	server run success on 	{"address": ":8888"}
[github.com/flipped-aurora/gin-vue-admin/server]2024/01/17 - 19:38:02.247	[34minfo[0m	/home/jiaxv/go/src/ldacs_sim_sgw/internal/initialize/gorm.go:41	register table success
[github.com/flipped-aurora/gin-vue-admin/server]2024/01/17 - 19:38:02.530	[34minfo[0m	/home/jiaxv/go/src/ldacs_sim_sgw/pkg/forward_module/f_init/gorm.go:38	register table success
[github.com/flipped-aurora/gin-vue-admin/server]2024/01/17 - 19:38:02.544	[34minfo[0m	/home/jiaxv/go/src/ldacs_sim_sgw/pkg/forward_module/f_init/router.go:51	register swagger handler
[github.com/flipped-aurora/gin-vue-admin/server]2024/01/17 - 19:38:02.545	[34minfo[0m	/home/jiaxv/go/src/ldacs_sim_sgw/pkg/forward_module/f_init/router.go:94	router register success
[github.com/flipped-aurora/gin-vue-admin/server]2024/01/17 - 19:38:02.545	[34minfo[0m	/home/jiaxv/go/src/ldacs_sim_sgw/pkg/forward_module/f_core/server.go:43	server run success on 	{"address": ":8888"}
[github.com/flipped-aurora/gin-vue-admin/server]2024/01/17 - 19:38:25.078	[34minfo[0m	/home/jiaxv/go/src/ldacs_sim_sgw/internal/initialize/gorm.go:41	register table success
[github.com/flipped-aurora/gin-vue-admin/server]2024/01/17 - 19:38:25.389	[34minfo[0m	/home/jiaxv/go/src/ldacs_sim_sgw/pkg/forward_module/f_init/gorm.go:38	register table success
[github.com/flipped-aurora/gin-vue-admin/server]2024/01/17 - 19:38:25.401	[34minfo[0m	/home/jiaxv/go/src/ldacs_sim_sgw/pkg/forward_module/f_init/router.go:51	register swagger handler
[github.com/flipped-aurora/gin-vue-admin/server]2024/01/17 - 19:38:25.402	[34minfo[0m	/home/jiaxv/go/src/ldacs_sim_sgw/pkg/forward_module/f_init/router.go:94	router register success
[github.com/flipped-aurora/gin-vue-admin/server]2024/01/17 - 19:38:25.402	[34minfo[0m	/home/jiaxv/go/src/ldacs_sim_sgw/pkg/forward_module/f_core/server.go:43	server run success on 	{"address": ":8888"}
[github.com/flipped-aurora/gin-vue-admin/server]2024/01/17 - 22:38:07.875	[34minfo[0m	/home/jiaxv/go/src/ldacs_sim_sgw/internal/initialize/gorm.go:41	register table success
[github.com/flipped-aurora/gin-vue-admin/server]2024/01/17 - 22:38:08.078	[34minfo[0m	/home/jiaxv/go/src/ldacs_sim_sgw/pkg/forward_module/f_init/gorm.go:39	register table success
[github.com/flipped-aurora/gin-vue-admin/server]2024/01/17 - 22:38:08.080	[34minfo[0m	/home/jiaxv/go/src/ldacs_sim_sgw/pkg/forward_module/f_init/router.go:51	register swagger handler
[github.com/flipped-aurora/gin-vue-admin/server]2024/01/17 - 22:38:08.080	[34minfo[0m	/home/jiaxv/go/src/ldacs_sim_sgw/pkg/forward_module/f_init/router.go:95	router register success
[github.com/flipped-aurora/gin-vue-admin/server]2024/01/17 - 22:38:08.080	[34minfo[0m	/home/jiaxv/go/src/ldacs_sim_sgw/pkg/forward_module/f_core/server.go:43	server run success on 	{"address": ":8888"}
